Determining if the pthread_create exist failed with the following output:
Change Dir: /home/simon/obj_ws/src/linemod/build/CMakeFiles/CMakeTmp

Run Build Command(s):/usr/bin/make cmTC_29730/fast 
/usr/bin/make -f CMakeFiles/cmTC_29730.dir/build.make CMakeFiles/cmTC_29730.dir/build
make[1]: Entering directory '/home/simon/obj_ws/src/linemod/build/CMakeFiles/CMakeTmp'
Building C object CMakeFiles/cmTC_29730.dir/CheckSymbolExists.c.o
/usr/bin/cc    -o CMakeFiles/cmTC_29730.dir/CheckSymbolExists.c.o   -c /home/simon/obj_ws/src/linemod/build/CMakeFiles/CMakeTmp/CheckSymbolExists.c
Linking C executable cmTC_29730
/usr/local/bin/cmake -E cmake_link_script CMakeFiles/cmTC_29730.dir/link.txt --verbose=1
/usr/bin/cc      -rdynamic CMakeFiles/cmTC_29730.dir/CheckSymbolExists.c.o  -o cmTC_29730 
CMakeFiles/cmTC_29730.dir/CheckSymbolExists.c.o: In function `main':
CheckSymbolExists.c:(.text+0x16): undefined reference to `pthread_create'
collect2: error: ld returned 1 exit status
CMakeFiles/cmTC_29730.dir/build.make:86: recipe for target 'cmTC_29730' failed
make[1]: *** [cmTC_29730] Error 1
make[1]: Leaving directory '/home/simon/obj_ws/src/linemod/build/CMakeFiles/CMakeTmp'
Makefile:121: recipe for target 'cmTC_29730/fast' failed
make: *** [cmTC_29730/fast] Error 2

File /home/simon/obj_ws/src/linemod/build/CMakeFiles/CMakeTmp/CheckSymbolExists.c:
/* */
#include <pthread.h>

int main(int argc, char** argv)
{
  (void)argv;
#ifndef pthread_create
  return ((int*)(&pthread_create))[argc];
#else
  (void)argc;
  return 0;
#endif
}

Determining if the function pthread_create exists in the pthreads failed with the following output:
Change Dir: /home/simon/obj_ws/src/linemod/build/CMakeFiles/CMakeTmp

Run Build Command(s):/usr/bin/make cmTC_91f4c/fast 
/usr/bin/make -f CMakeFiles/cmTC_91f4c.dir/build.make CMakeFiles/cmTC_91f4c.dir/build
make[1]: Entering directory '/home/simon/obj_ws/src/linemod/build/CMakeFiles/CMakeTmp'
Building C object CMakeFiles/cmTC_91f4c.dir/CheckFunctionExists.c.o
/usr/bin/cc   -DCHECK_FUNCTION_EXISTS=pthread_create   -o CMakeFiles/cmTC_91f4c.dir/CheckFunctionExists.c.o   -c /usr/local/share/cmake-3.14/Modules/CheckFunctionExists.c
Linking C executable cmTC_91f4c
/usr/local/bin/cmake -E cmake_link_script CMakeFiles/cmTC_91f4c.dir/link.txt --verbose=1
/usr/bin/cc  -DCHECK_FUNCTION_EXISTS=pthread_create    -rdynamic CMakeFiles/cmTC_91f4c.dir/CheckFunctionExists.c.o  -o cmTC_91f4c -lpthreads 
/usr/bin/ld: cannot find -lpthreads
collect2: error: ld returned 1 exit status
CMakeFiles/cmTC_91f4c.dir/build.make:86: recipe for target 'cmTC_91f4c' failed
make[1]: *** [cmTC_91f4c] Error 1
make[1]: Leaving directory '/home/simon/obj_ws/src/linemod/build/CMakeFiles/CMakeTmp'
Makefile:121: recipe for target 'cmTC_91f4c/fast' failed
make: *** [cmTC_91f4c/fast] Error 2


